2020-07-12 17:18:17 c.s.a.controller.UserControllerTest - Starting UserControllerTest on LAPTOP-VLS5L3FI with PID 25356 (started by sufya in C:\Users\sufya\Documents\Repository\ImgRecApp\Java\AwsImgRekJava\ImgRecApp)
2020-07-12 17:18:17 c.s.a.controller.UserControllerTest - No active profile set, falling back to default profiles: default
2020-07-12 17:18:20 c.s.a.c.CredentialsConfiguration - ========= [ GetCredentials Envoked ]
2020-07-12 17:18:20 com.sfofana.app.util.VaultUtil - ========= [ Decrypt Envoked ]
2020-07-12 17:18:20 com.sfofana.app.util.VaultUtil - ========= [ JsonStringToObject Envoked ]
2020-07-12 17:18:20 c.s.a.c.SecurityConfiguration - ========= [ ConfigureGlobal Envoked ]
2020-07-12 17:18:20 c.s.a.c.SecurityConfiguration - ========= [ PasswordEncoder Envoked ]
2020-07-12 17:18:21 c.s.a.component.SwaggerConfiguration - ========= [ SecurityConfiguration Envoked ]
2020-07-12 17:18:22 c.s.a.c.SecurityConfiguration - ========= [ Configure Envoked ]
2020-07-12 17:18:22 o.s.s.web.DefaultSecurityFilterChain - Creating filter chain: any request, [org.springframework.security.web.context.request.async.WebAsyncManagerIntegrationFilter@69d103f0, org.springframework.security.web.context.SecurityContextPersistenceFilter@582a3b19, org.springframework.security.web.header.HeaderWriterFilter@7eaa2bc6, org.springframework.security.web.authentication.logout.LogoutFilter@684ce74c, org.springframework.security.web.authentication.www.BasicAuthenticationFilter@427308f8, org.springframework.security.web.savedrequest.RequestCacheAwareFilter@73bb573d, org.springframework.security.web.servletapi.SecurityContextHolderAwareRequestFilter@6f15f52a, org.springframework.security.web.authentication.AnonymousAuthenticationFilter@5b742bc8, org.springframework.security.web.session.SessionManagementFilter@3404e5c4, org.springframework.security.web.access.ExceptionTranslationFilter@55d8c2c4, org.springframework.security.web.access.intercept.FilterSecurityInterceptor@9e30f9a]
2020-07-12 17:18:22 c.s.a.component.SwaggerConfiguration - ========= [ SwaggerConfig Envoked ]
2020-07-12 17:18:22 c.s.a.component.SwaggerConfiguration - ========= [ SecurityScheme Envoked ]
2020-07-12 17:18:22 c.s.a.component.SwaggerConfiguration - ========= [ AuthorizationScope Envoked ]
2020-07-12 17:18:22 s.d.s.w.PropertySourcedRequestMappingHandlerMapping - Mapped URL path [/v2/api-docs] onto method [springfox.documentation.swagger2.web.Swagger2Controller#getDocumentation(String, HttpServletRequest)]
2020-07-12 17:18:23 o.s.s.c.ThreadPoolTaskExecutor - Initializing ExecutorService 'applicationTaskExecutor'
2020-07-12 17:18:23 o.s.b.t.m.w.SpringBootMockServletContext - Initializing Spring TestDispatcherServlet ''
2020-07-12 17:18:23 o.s.t.w.s.TestDispatcherServlet - Initializing Servlet ''
2020-07-12 17:18:23 o.s.t.w.s.TestDispatcherServlet - Completed initialization in 26 ms
2020-07-12 17:18:23 s.d.s.w.p.DocumentationPluginsBootstrapper - Context refreshed
2020-07-12 17:18:23 s.d.s.w.p.DocumentationPluginsBootstrapper - Found 1 custom documentation plugin(s)
2020-07-12 17:18:23 s.d.s.w.s.ApiListingReferenceScanner - Scanning for api listing references
2020-07-12 17:18:24 c.s.a.controller.UserControllerTest - Started UserControllerTest in 6.904 seconds (JVM running for 9.483)
2020-07-12 17:18:24 c.s.a.controller.UserControllerTest - ======================= [ UploadImageTest Start ] =======================
2020-07-12 17:18:24 c.s.app.controller.UserController - ========= [ Authenticate Envoked ]
2020-07-12 17:18:24 c.s.app.service.UserServiceImpl - ========= [ InitiateSession Envoked ]
2020-07-12 17:18:24 com.sfofana.app.util.JwtUtil - ========= [ GenerateToken Envoked ]
2020-07-12 17:18:24 com.sfofana.app.util.JwtUtil - ========= [ CreateToken Envoked ]
2020-07-12 17:18:25 c.s.app.controller.UserController - ========= [ UploadImage Envoked ]
2020-07-12 17:18:25 c.s.app.controller.UserController - ========= [ GetToken Envoked ]
2020-07-12 17:18:25 c.s.app.service.UserServiceImpl - ========= [ TokenAuthenticated Envoked ]
2020-07-12 17:18:25 com.sfofana.app.util.JwtUtil - ========= [ ExtractUser Envoked ]
2020-07-12 17:18:25 com.sfofana.app.util.JwtUtil - ========= [ ExtractClaim Envoked ]
2020-07-12 17:18:25 com.sfofana.app.util.JwtUtil - ========= [ ExtractAllClaims Envoked ]
2020-07-12 17:18:25 c.s.app.service.UserServiceImpl - ========= [ GetAccess Envoked ]
2020-07-12 17:18:25 com.sfofana.app.util.JwtUtil - ========= [ ValidateToken Envoked ]
2020-07-12 17:18:25 com.sfofana.app.util.JwtUtil - ========= [ ExtractUser Envoked ]
2020-07-12 17:18:25 com.sfofana.app.util.JwtUtil - ========= [ ExtractClaim Envoked ]
2020-07-12 17:18:25 com.sfofana.app.util.JwtUtil - ========= [ ExtractAllClaims Envoked ]
2020-07-12 17:18:25 com.sfofana.app.util.JwtUtil - ========= [ IsTokenExpired Envoked ]
2020-07-12 17:18:25 com.sfofana.app.util.JwtUtil - ========= [ ExtractExpiration Envoked ]
2020-07-12 17:18:25 com.sfofana.app.util.JwtUtil - ========= [ ExtractClaim Envoked ]
2020-07-12 17:18:25 com.sfofana.app.util.JwtUtil - ========= [ ExtractAllClaims Envoked ]
2020-07-12 17:18:25 c.s.app.service.UserServiceImpl - ========= [ ProcessImageUpload Envoked ]
2020-07-12 17:18:26 c.s.app.controller.UserController - ========= [ UploadImage Envoked ]
2020-07-12 17:18:26 c.s.app.controller.UserController - ========= [ GetToken Envoked ]
2020-07-12 17:18:26 c.s.app.service.UserServiceImpl - ========= [ TokenAuthenticated Envoked ]
2020-07-12 17:18:26 c.s.app.exception.BusinessException - ========= [ BusinessException Envoked ]
2020-07-12 17:18:26 c.s.a.controller.UserControllerTest - ======================= [ UploadImageTest End ] =======================
2020-07-12 17:18:26 c.s.a.controller.UserControllerTest - ======================= [ AuthenticateTest Start ] =======================
2020-07-12 17:18:27 c.s.app.controller.UserController - ========= [ Authenticate Envoked ]
2020-07-12 17:18:27 c.s.app.service.UserServiceImpl - ========= [ InitiateSession Envoked ]
2020-07-12 17:18:27 com.sfofana.app.util.JwtUtil - ========= [ GenerateToken Envoked ]
2020-07-12 17:18:27 com.sfofana.app.util.JwtUtil - ========= [ CreateToken Envoked ]
2020-07-12 17:18:27 c.s.a.controller.UserControllerTest - ======================= [ AuthenticateTest End ] =======================
2020-07-12 17:18:27 c.s.a.controller.UserControllerTest - ======================= [ CompareFacesTest Start ] =======================
2020-07-12 17:18:27 c.s.app.controller.UserController - ========= [ Authenticate Envoked ]
2020-07-12 17:18:27 c.s.app.service.UserServiceImpl - ========= [ InitiateSession Envoked ]
2020-07-12 17:18:27 com.sfofana.app.util.JwtUtil - ========= [ GenerateToken Envoked ]
2020-07-12 17:18:27 com.sfofana.app.util.JwtUtil - ========= [ CreateToken Envoked ]
2020-07-12 17:18:27 c.s.app.controller.UserController - ========= [ CompareFaces Envoked ]
2020-07-12 17:18:27 c.s.app.controller.UserController - ========= [ GetToken Envoked ]
2020-07-12 17:18:27 c.s.app.service.UserServiceImpl - ========= [ TokenAuthenticated Envoked ]
2020-07-12 17:18:27 com.sfofana.app.util.JwtUtil - ========= [ ExtractUser Envoked ]
2020-07-12 17:18:27 com.sfofana.app.util.JwtUtil - ========= [ ExtractClaim Envoked ]
2020-07-12 17:18:27 com.sfofana.app.util.JwtUtil - ========= [ ExtractAllClaims Envoked ]
2020-07-12 17:18:27 c.s.app.service.UserServiceImpl - ========= [ GetAccess Envoked ]
2020-07-12 17:18:27 com.sfofana.app.util.JwtUtil - ========= [ ValidateToken Envoked ]
2020-07-12 17:18:27 com.sfofana.app.util.JwtUtil - ========= [ ExtractUser Envoked ]
2020-07-12 17:18:27 com.sfofana.app.util.JwtUtil - ========= [ ExtractClaim Envoked ]
2020-07-12 17:18:27 com.sfofana.app.util.JwtUtil - ========= [ ExtractAllClaims Envoked ]
2020-07-12 17:18:27 com.sfofana.app.util.JwtUtil - ========= [ IsTokenExpired Envoked ]
2020-07-12 17:18:27 com.sfofana.app.util.JwtUtil - ========= [ ExtractExpiration Envoked ]
2020-07-12 17:18:27 com.sfofana.app.util.JwtUtil - ========= [ ExtractClaim Envoked ]
2020-07-12 17:18:27 com.sfofana.app.util.JwtUtil - ========= [ ExtractAllClaims Envoked ]
2020-07-12 17:18:27 c.s.app.service.UserServiceImpl - ========= [ CompareFacesResults Envoked ]
2020-07-12 17:18:28 c.s.app.service.UserServiceImpl - Similarity is: 99.75796
2020-07-12 17:18:28 c.s.app.service.UserServiceImpl - ========= [ GetImageData Envoked ]
2020-07-12 17:18:28 c.s.app.controller.UserController - ========= [ CompareFaces Envoked ]
2020-07-12 17:18:28 c.s.app.controller.UserController - ========= [ GetToken Envoked ]
2020-07-12 17:18:28 c.s.app.service.UserServiceImpl - ========= [ TokenAuthenticated Envoked ]
2020-07-12 17:18:28 c.s.app.exception.BusinessException - ========= [ BusinessException Envoked ]
2020-07-12 17:18:29 c.s.app.controller.UserController - ========= [ CompareFaces Envoked ]
2020-07-12 17:18:29 c.s.app.controller.UserController - ========= [ GetToken Envoked ]
2020-07-12 17:18:29 c.s.app.service.UserServiceImpl - ========= [ TokenAuthenticated Envoked ]
2020-07-12 17:18:29 com.sfofana.app.util.JwtUtil - ========= [ ExtractUser Envoked ]
2020-07-12 17:18:29 com.sfofana.app.util.JwtUtil - ========= [ ExtractClaim Envoked ]
2020-07-12 17:18:29 com.sfofana.app.util.JwtUtil - ========= [ ExtractAllClaims Envoked ]
2020-07-12 17:18:29 c.s.app.exception.BusinessException - ========= [ BusinessException Envoked ]
2020-07-12 17:18:29 c.s.a.exception.UserControllerAdvice - ========= [ FileNotFound Envoked ]
2020-07-12 17:18:29 c.s.a.controller.UserControllerTest - ======================= [ CompareFacesTest End ] =======================
2020-07-12 17:18:29 c.s.a.controller.UserControllerTest - ======================= [ FrontEndLoggingTest Start ] =======================
2020-07-12 17:18:29 c.s.app.controller.UserController - ========= [ FrontEndLogging Envoked ]
2020-07-12 17:18:29 c.s.app.service.UserServiceImpl - ========= [ FrontendLogToFile Envoked ]
2020-07-12 17:18:29 c.s.a.controller.UserControllerTest - ======================= [ FrontEndLoggingTest End ] =======================
2020-07-12 17:18:29 o.s.s.c.ThreadPoolTaskExecutor - Shutting down ExecutorService 'applicationTaskExecutor'
